[2026-03-25 23:16:03] ==================================================
[2026-03-25 23:16:03] Starting federated aggregation round...
[2026-03-25 23:16:20] ==================================================
[2026-03-25 23:16:20] Starting federated aggregation round...
[2026-03-25 23:16:20] [✓] Decrypted weights from client 1
[2026-03-25 23:16:20] [✓] Decrypted weights from client 2
[2026-03-25 23:16:20] [✓] Decrypted weights from client 3
[2026-03-25 23:16:20] [OK] Client 1: z-score=0.85, norm=13.6432
[2026-03-25 23:16:20] [OK] Client 2: z-score=0.55, norm=13.6663
[2026-03-25 23:16:20] [OK] Client 3: z-score=1.40, norm=13.8187
[2026-03-25 23:16:20] [✓] FedAvg aggregated 3 clients (excluded: [])
[2026-03-25 23:16:20] [✓] Global model saved to C:\Users\harsh\Desktop\CrypTAS\CrypTAS\clients\..\server\global_model.json
[2026-03-25 23:16:20] Aggregation round complete.
[2026-03-25 23:16:20] ==================================================
[2026-03-25 23:16:20] ==================================================
[2026-03-25 23:16:20] Starting federated aggregation round...
[2026-03-25 23:16:20] [✓] Decrypted weights from client 1
[2026-03-25 23:16:20] [✓] Decrypted weights from client 2
[2026-03-25 23:16:20] [✓] Decrypted weights from client 3
[2026-03-25 23:16:20] [OK] Client 1: z-score=0.85, norm=13.6432
[2026-03-25 23:16:20] [OK] Client 2: z-score=0.55, norm=13.6663
[2026-03-25 23:16:20] [OK] Client 3: z-score=1.40, norm=13.8187
[2026-03-25 23:16:20] [✓] FedAvg aggregated 3 clients (excluded: [])
[2026-03-25 23:16:20] [✓] Global model saved to C:\Users\harsh\Desktop\CrypTAS\CrypTAS\clients\..\server\global_model.json
[2026-03-25 23:16:20] Aggregation round complete.
[2026-03-25 23:16:20] ==================================================
[2026-03-25 23:16:21] ==================================================
[2026-03-25 23:16:21] Starting federated aggregation round...
[2026-03-25 23:16:21] [✓] Decrypted weights from client 1
[2026-03-25 23:16:21] [✓] Decrypted weights from client 2
[2026-03-25 23:16:21] [✓] Decrypted weights from client 3
[2026-03-25 23:16:21] [OK] Client 1: z-score=0.85, norm=13.6432
[2026-03-25 23:16:21] [OK] Client 2: z-score=0.55, norm=13.6663
[2026-03-25 23:16:21] [OK] Client 3: z-score=1.40, norm=13.8187
[2026-03-25 23:16:21] [✓] FedAvg aggregated 3 clients (excluded: [])
[2026-03-25 23:16:21] [✓] Global model saved to C:\Users\harsh\Desktop\CrypTAS\CrypTAS\clients\..\server\global_model.json
[2026-03-25 23:16:21] Aggregation round complete.
[2026-03-25 23:16:21] ==================================================
[2026-03-25 23:19:30] ==================================================
[2026-03-25 23:19:30] Starting federated aggregation round...
[2026-03-25 23:19:31] [✓] Decrypted weights from client 1
[2026-03-25 23:19:31] [✓] Decrypted weights from client 2
[2026-03-25 23:19:31] [✓] Decrypted weights from client 3
[2026-03-25 23:19:31] [OK] Client 1: z-score=0.85, norm=13.6432
[2026-03-25 23:19:31] [OK] Client 2: z-score=0.55, norm=13.6663
[2026-03-25 23:19:31] [OK] Client 3: z-score=1.40, norm=13.8187
[2026-03-25 23:19:31] [✓] FedAvg aggregated 3 clients (excluded: [])
[2026-03-25 23:19:31] [✓] Global model saved to C:\Users\harsh\Desktop\CrypTAS\CrypTAS\server\global_model.json
[2026-03-25 23:19:31] Aggregation round complete.
[2026-03-25 23:19:31] ==================================================
[2026-03-25 23:36:01] ==================================================
[2026-03-25 23:36:01] Starting federated aggregation round...
[2026-03-25 23:36:01] [✓] Decrypted weights from client 1
[2026-03-25 23:36:01] [✓] Decrypted weights from client 2
[2026-03-25 23:36:01] [✓] Decrypted weights from client 3
[2026-03-25 23:36:01] [OK] Client 1: z-score=0.85, norm=13.6432
[2026-03-25 23:36:01] [OK] Client 2: z-score=0.55, norm=13.6663
[2026-03-25 23:36:01] [OK] Client 3: z-score=1.40, norm=13.8187
[2026-03-25 23:36:01] [✓] FedAvg aggregated 3 clients (excluded: [])
[2026-03-25 23:36:01] [✓] Global model saved to C:\RAM RAM\Cryptats\CryptTAS\clients\..\server\global_model.json
[2026-03-25 23:36:01] Aggregation round complete.
[2026-03-25 23:36:01] ==================================================
[2026-03-25 23:36:01] ==================================================
[2026-03-25 23:36:01] Starting federated aggregation round...
[2026-03-25 23:36:01] [✓] Decrypted weights from client 1
[2026-03-25 23:36:01] [✓] Decrypted weights from client 2
[2026-03-25 23:36:02] [✓] Decrypted weights from client 3
[2026-03-25 23:36:02] [OK] Client 1: z-score=0.85, norm=13.6432
[2026-03-25 23:36:02] [OK] Client 2: z-score=0.55, norm=13.6663
[2026-03-25 23:36:02] [OK] Client 3: z-score=1.40, norm=13.8187
[2026-03-25 23:36:02] [✓] FedAvg aggregated 3 clients (excluded: [])
[2026-03-25 23:36:02] [✓] Global model saved to C:\RAM RAM\Cryptats\CryptTAS\clients\..\server\global_model.json
[2026-03-25 23:36:02] Aggregation round complete.
[2026-03-25 23:36:02] ==================================================
[2026-03-25 23:36:02] ==================================================
[2026-03-25 23:36:02] Starting federated aggregation round...
[2026-03-25 23:36:02] [✓] Decrypted weights from client 1
[2026-03-25 23:36:02] [✓] Decrypted weights from client 2
[2026-03-25 23:36:02] [✓] Decrypted weights from client 3
[2026-03-25 23:36:02] [OK] Client 1: z-score=0.85, norm=13.6432
[2026-03-25 23:36:02] [OK] Client 2: z-score=0.55, norm=13.6663
[2026-03-25 23:36:02] [OK] Client 3: z-score=1.40, norm=13.8187
[2026-03-25 23:36:02] [✓] FedAvg aggregated 3 clients (excluded: [])
[2026-03-25 23:36:02] [✓] Global model saved to C:\RAM RAM\Cryptats\CryptTAS\clients\..\server\global_model.json
[2026-03-25 23:36:02] Aggregation round complete.
[2026-03-25 23:36:02] ==================================================
[2026-03-25 23:36:22] ==================================================
[2026-03-25 23:36:22] Starting federated aggregation round...
[2026-03-25 23:36:22] [✓] Decrypted weights from client 1
[2026-03-25 23:36:22] [✓] Decrypted weights from client 2
[2026-03-25 23:36:22] [✓] Decrypted weights from client 3
[2026-03-25 23:36:22] [OK] Client 1: z-score=0.85, norm=13.6432
[2026-03-25 23:36:22] [OK] Client 2: z-score=0.55, norm=13.6663
[2026-03-25 23:36:22] [OK] Client 3: z-score=1.40, norm=13.8187
[2026-03-25 23:36:22] [✓] FedAvg aggregated 3 clients (excluded: [])
[2026-03-25 23:36:22] [✓] Global model saved to C:\RAM RAM\Cryptats\CryptTAS\clients\..\server\global_model.json
[2026-03-25 23:36:22] Aggregation round complete.
[2026-03-25 23:36:22] ==================================================
[2026-03-25 23:36:22] ==================================================
[2026-03-25 23:36:22] Starting federated aggregation round...
[2026-03-25 23:36:22] [✓] Decrypted weights from client 1
[2026-03-25 23:36:22] [✓] Decrypted weights from client 2
[2026-03-25 23:36:22] [✓] Decrypted weights from client 3
[2026-03-25 23:36:22] [OK] Client 1: z-score=0.85, norm=13.6432
[2026-03-25 23:36:22] [OK] Client 2: z-score=0.55, norm=13.6663
[2026-03-25 23:36:22] [OK] Client 3: z-score=1.40, norm=13.8187
[2026-03-25 23:36:22] [✓] FedAvg aggregated 3 clients (excluded: [])
[2026-03-25 23:36:22] [✓] Global model saved to C:\RAM RAM\Cryptats\CryptTAS\clients\..\server\global_model.json
[2026-03-25 23:36:22] Aggregation round complete.
[2026-03-25 23:36:22] ==================================================
[2026-03-25 23:36:23] ==================================================
[2026-03-25 23:36:23] Starting federated aggregation round...
[2026-03-25 23:36:23] [✓] Decrypted weights from client 1
[2026-03-25 23:36:23] [✓] Decrypted weights from client 2
[2026-03-25 23:36:23] [✓] Decrypted weights from client 3
[2026-03-25 23:36:23] [OK] Client 1: z-score=0.85, norm=13.6432
[2026-03-25 23:36:23] [OK] Client 2: z-score=0.55, norm=13.6663
[2026-03-25 23:36:23] [OK] Client 3: z-score=1.40, norm=13.8187
[2026-03-25 23:36:23] [✓] FedAvg aggregated 3 clients (excluded: [])
[2026-03-25 23:36:23] [✓] Global model saved to C:\RAM RAM\Cryptats\CryptTAS\clients\..\server\global_model.json
[2026-03-25 23:36:23] Aggregation round complete.
[2026-03-25 23:36:23] ==================================================
[2026-03-27 09:50:28] ==================================================
[2026-03-27 09:50:28] Starting federated aggregation round...
[2026-03-27 09:50:28] [✓] Decrypted weights from client 1
[2026-03-27 09:50:28] [✓] Decrypted weights from client 2
[2026-03-27 09:50:28] [✓] Decrypted weights from client 3
[2026-03-27 09:50:28] [OK] Client 1: z-score=0.85, norm=13.6432
[2026-03-27 09:50:28] [OK] Client 2: z-score=0.55, norm=13.6663
[2026-03-27 09:50:28] [OK] Client 3: z-score=1.40, norm=13.8187
[2026-03-27 09:50:28] [✓] FedAvg aggregated 3 clients (excluded: [])
[2026-03-27 09:50:28] [✓] Global model saved to C:\RAM RAM\Cryptats\CryptTAS\server\global_model.json
[2026-03-27 09:50:28] Aggregation round complete.
[2026-03-27 09:50:28] ==================================================
[2026-03-27 09:50:43] ==================================================
[2026-03-27 09:50:43] Starting federated aggregation round...
[2026-03-27 09:50:43] [✓] Decrypted weights from client 1
[2026-03-27 09:50:43] [✓] Decrypted weights from client 2
[2026-03-27 09:50:43] [✓] Decrypted weights from client 3
[2026-03-27 09:50:43] [OK] Client 1: z-score=0.85, norm=13.6432
[2026-03-27 09:50:43] [OK] Client 2: z-score=0.55, norm=13.6663
[2026-03-27 09:50:43] [OK] Client 3: z-score=1.40, norm=13.8187
[2026-03-27 09:50:43] [✓] FedAvg aggregated 3 clients (excluded: [])
[2026-03-27 09:50:43] [✓] Global model saved to C:\RAM RAM\Cryptats\CryptTAS\server\global_model.json
[2026-03-27 09:50:43] Aggregation round complete.
[2026-03-27 09:50:43] ==================================================
[2026-04-02 17:16:20] ==================================================
[2026-04-02 17:16:20] Starting federated aggregation round...
[2026-04-02 17:16:20] [✓] Decrypted weights from client 1
[2026-04-02 17:16:21] [✓] Decrypted weights from client 2
[2026-04-02 17:16:21] [✓] Decrypted weights from client 3
[2026-04-02 17:16:21] [OK] Client 1: z-score=0.85, norm=13.6432
[2026-04-02 17:16:21] [OK] Client 2: z-score=0.55, norm=13.6663
[2026-04-02 17:16:21] [OK] Client 3: z-score=1.40, norm=13.8187
[2026-04-02 17:16:21] [✓] FedAvg aggregated 3 clients (excluded: [])
[2026-04-02 17:16:21] [✓] Global model saved to C:\RAM RAM\Cryptats\CryptTAS\server\global_model.json
[2026-04-02 17:16:21] Aggregation round complete.
[2026-04-02 17:16:21] ==================================================
[2026-04-06 09:40:16] ==================================================
[2026-04-06 09:40:16] Starting federated aggregation round...
[2026-04-06 09:40:16] [✓] Decrypted weights from client 1
[2026-04-06 09:40:16] [✓] Decrypted weights from client 2
[2026-04-06 09:40:16] [✓] Decrypted weights from client 3
[2026-04-06 09:40:16] [OK] Client 1: z-score=0.85, norm=13.6432
[2026-04-06 09:40:16] [OK] Client 2: z-score=0.55, norm=13.6663
[2026-04-06 09:40:16] [OK] Client 3: z-score=1.40, norm=13.8187
[2026-04-06 09:40:16] [✓] FedAvg aggregated 3 clients (excluded: [])
[2026-04-06 09:40:16] [✓] Global model saved to C:\RAM RAM\Cryptats\CryptTas\clients\..\server\global_model.json
[2026-04-06 09:40:16] Aggregation round complete.
[2026-04-06 09:40:16] ==================================================
[2026-04-06 09:40:17] ==================================================
[2026-04-06 09:40:17] Starting federated aggregation round...
[2026-04-06 09:40:17] [✓] Decrypted weights from client 1
[2026-04-06 09:40:17] [✓] Decrypted weights from client 2
[2026-04-06 09:40:17] [✓] Decrypted weights from client 3
[2026-04-06 09:40:17] [OK] Client 1: z-score=0.85, norm=13.6432
[2026-04-06 09:40:17] [OK] Client 2: z-score=0.55, norm=13.6663
[2026-04-06 09:40:17] [OK] Client 3: z-score=1.40, norm=13.8187
[2026-04-06 09:40:17] [✓] FedAvg aggregated 3 clients (excluded: [])
[2026-04-06 09:40:17] [✓] Global model saved to C:\RAM RAM\Cryptats\CryptTas\clients\..\server\global_model.json
[2026-04-06 09:40:17] Aggregation round complete.
[2026-04-06 09:40:17] ==================================================
[2026-04-06 09:40:17] ==================================================
[2026-04-06 09:40:17] Starting federated aggregation round...
[2026-04-06 09:40:17] [✓] Decrypted weights from client 1
[2026-04-06 09:40:17] [✓] Decrypted weights from client 2
[2026-04-06 09:40:17] [✓] Decrypted weights from client 3
[2026-04-06 09:40:17] [OK] Client 1: z-score=0.85, norm=13.6432
[2026-04-06 09:40:17] [OK] Client 2: z-score=0.55, norm=13.6663
[2026-04-06 09:40:17] [OK] Client 3: z-score=1.40, norm=13.8187
[2026-04-06 09:40:17] [✓] FedAvg aggregated 3 clients (excluded: [])
[2026-04-06 09:40:17] [✓] Global model saved to C:\RAM RAM\Cryptats\CryptTas\clients\..\server\global_model.json
[2026-04-06 09:40:17] Aggregation round complete.
[2026-04-06 09:40:17] ==================================================
[2026-04-07 13:11:49] ==================================================
[2026-04-07 13:11:49] Starting federated aggregation round...
[2026-04-07 13:11:49] [✓] Decrypted weights from client 1
[2026-04-07 13:11:49] [✓] Decrypted weights from client 2
[2026-04-07 13:11:49] [✓] Decrypted weights from client 3
[2026-04-07 13:11:49] [OK] Client 1: z-score=0.85, norm=13.6432
[2026-04-07 13:11:49] [OK] Client 2: z-score=0.55, norm=13.6663
[2026-04-07 13:11:49] [OK] Client 3: z-score=1.40, norm=13.8187
[2026-04-07 13:11:49] [✓] FedAvg aggregated 3 clients (excluded: [])
[2026-04-07 13:11:49] [✓] Global model saved to C:\RAM RAM\Cryptats\CryptTAS\clients\..\server\global_model.json
[2026-04-07 13:11:49] Aggregation round complete.
[2026-04-07 13:11:49] ==================================================
[2026-04-07 13:11:50] ==================================================
[2026-04-07 13:11:50] Starting federated aggregation round...
[2026-04-07 13:11:50] [✓] Decrypted weights from client 1
[2026-04-07 13:11:50] [✓] Decrypted weights from client 2
[2026-04-07 13:11:50] [✓] Decrypted weights from client 3
[2026-04-07 13:11:50] [OK] Client 1: z-score=0.85, norm=13.6432
[2026-04-07 13:11:50] [OK] Client 2: z-score=0.55, norm=13.6663
[2026-04-07 13:11:50] [OK] Client 3: z-score=1.40, norm=13.8187
[2026-04-07 13:11:50] [✓] FedAvg aggregated 3 clients (excluded: [])
[2026-04-07 13:11:50] [✓] Global model saved to C:\RAM RAM\Cryptats\CryptTAS\clients\..\server\global_model.json
[2026-04-07 13:11:50] Aggregation round complete.
[2026-04-07 13:11:50] ==================================================
[2026-04-07 13:11:50] ==================================================
[2026-04-07 13:11:50] Starting federated aggregation round...
[2026-04-07 13:11:50] [✓] Decrypted weights from client 1
[2026-04-07 13:11:50] [✓] Decrypted weights from client 2
[2026-04-07 13:11:50] [✓] Decrypted weights from client 3
[2026-04-07 13:11:50] [OK] Client 1: z-score=0.85, norm=13.6432
[2026-04-07 13:11:50] [OK] Client 2: z-score=0.55, norm=13.6663
[2026-04-07 13:11:50] [OK] Client 3: z-score=1.40, norm=13.8187
[2026-04-07 13:11:50] [✓] FedAvg aggregated 3 clients (excluded: [])
[2026-04-07 13:11:50] [✓] Global model saved to C:\RAM RAM\Cryptats\CryptTAS\clients\..\server\global_model.json
[2026-04-07 13:11:50] Aggregation round complete.
[2026-04-07 13:11:50] ==================================================
[2026-04-24 16:23:56] ==================================================
[2026-04-24 16:23:56] Starting federated aggregation round...
[2026-04-24 16:23:56] [✓] Decrypted weights from client 1
[2026-04-24 16:23:56] [✓] Decrypted weights from client 2
[2026-04-24 16:23:56] [✓] Decrypted weights from client 3
[2026-04-24 16:23:56] [OK] Client 1: z-score=0.85, norm=13.6432
[2026-04-24 16:23:56] [OK] Client 2: z-score=0.55, norm=13.6663
[2026-04-24 16:23:56] [OK] Client 3: z-score=1.40, norm=13.8187
[2026-04-24 16:23:56] [✓] FedAvg aggregated 3 clients (excluded: [])
[2026-04-24 16:23:56] [✓] Global model saved to C:\RAM RAM\Cryptats\CryptTAS\clients\..\server\global_model.json
[2026-04-24 16:23:56] Aggregation round complete.
[2026-04-24 16:23:56] ==================================================
[2026-04-24 16:23:56] ==================================================
[2026-04-24 16:23:56] Starting federated aggregation round...
[2026-04-24 16:23:56] [✓] Decrypted weights from client 1
[2026-04-24 16:23:56] [✓] Decrypted weights from client 2
[2026-04-24 16:23:56] [✓] Decrypted weights from client 3
[2026-04-24 16:23:56] [OK] Client 1: z-score=0.85, norm=13.6591
[2026-04-24 16:23:56] [OK] Client 2: z-score=1.40, norm=13.7473
[2026-04-24 16:23:56] [OK] Client 3: z-score=0.55, norm=13.6711
[2026-04-24 16:23:56] [✓] FedAvg aggregated 3 clients (excluded: [])
[2026-04-24 16:23:56] [✓] Global model saved to C:\RAM RAM\Cryptats\CryptTAS\clients\..\server\global_model.json
[2026-04-24 16:23:56] Aggregation round complete.
[2026-04-24 16:23:56] ==================================================
[2026-04-24 16:23:57] ==================================================
[2026-04-24 16:23:57] Starting federated aggregation round...
[2026-04-24 16:23:57] [✓] Decrypted weights from client 1
[2026-04-24 16:23:57] [✓] Decrypted weights from client 2
[2026-04-24 16:23:57] [✓] Decrypted weights from client 3
[2026-04-24 16:23:57] [OK] Client 1: z-score=0.82, norm=13.6745
[2026-04-24 16:23:57] [OK] Client 2: z-score=1.41, norm=13.7683
[2026-04-24 16:23:57] [OK] Client 3: z-score=0.58, norm=13.6846
[2026-04-24 16:23:57] [✓] FedAvg aggregated 3 clients (excluded: [])
[2026-04-24 16:23:57] [✓] Global model saved to C:\RAM RAM\Cryptats\CryptTAS\clients\..\server\global_model.json
[2026-04-24 16:23:57] Aggregation round complete.
[2026-04-24 16:23:57] ==================================================
[2026-04-24 16:25:27] ==================================================
[2026-04-24 16:25:27] Starting federated aggregation round...
[2026-04-24 16:25:27] [✓] Decrypted weights from client 1
[2026-04-24 16:25:27] [✓] Decrypted weights from client 2
[2026-04-24 16:25:27] [✓] Decrypted weights from client 3
[2026-04-24 16:25:27] [OK] Client 1: z-score=0.82, norm=13.6745
[2026-04-24 16:25:27] [OK] Client 2: z-score=1.41, norm=13.7683
[2026-04-24 16:25:27] [OK] Client 3: z-score=0.58, norm=13.6846
[2026-04-24 16:25:27] [✓] FedAvg aggregated 3 clients (excluded: [])
[2026-04-24 16:25:27] [✓] Global model saved to C:\RAM RAM\Cryptats\CryptTAS\server\global_model.json
[2026-04-24 16:25:27] Aggregation round complete.
[2026-04-24 16:25:27] ==================================================
[2026-04-24 16:26:49] ==================================================
[2026-04-24 16:26:49] Starting federated aggregation round...
[2026-04-24 16:26:49] [✓] Decrypted weights from client 1
[2026-04-24 16:26:49] [✓] Decrypted weights from client 2
[2026-04-24 16:26:49] [✓] Decrypted weights from client 3
[2026-04-24 16:26:49] [OK] Client 1: z-score=0.82, norm=13.6745
[2026-04-24 16:26:49] [OK] Client 2: z-score=1.41, norm=13.7683
[2026-04-24 16:26:49] [OK] Client 3: z-score=0.58, norm=13.6846
[2026-04-24 16:26:49] [✓] FedAvg aggregated 3 clients (excluded: [])
[2026-04-24 16:26:49] [✓] Global model saved to C:\RAM RAM\Cryptats\CryptTAS\server\global_model.json
[2026-04-24 16:26:49] Aggregation round complete.
[2026-04-24 16:26:49] ==================================================
[2026-04-24 16:26:50] ==================================================
[2026-04-24 16:26:50] Starting federated aggregation round...
[2026-04-24 16:26:50] [✓] Decrypted weights from client 1
[2026-04-24 16:26:50] [✓] Decrypted weights from client 2
[2026-04-24 16:26:50] [✓] Decrypted weights from client 3
[2026-04-24 16:26:50] [OK] Client 1: z-score=0.82, norm=13.6745
[2026-04-24 16:26:50] [OK] Client 2: z-score=1.41, norm=13.7683
[2026-04-24 16:26:50] [OK] Client 3: z-score=0.58, norm=13.6846
[2026-04-24 16:26:50] [✓] FedAvg aggregated 3 clients (excluded: [])
[2026-04-24 16:26:50] [✓] Global model saved to C:\RAM RAM\Cryptats\CryptTAS\server\global_model.json
[2026-04-24 16:26:50] Aggregation round complete.
[2026-04-24 16:26:50] ==================================================
[2026-04-24 16:26:52] ==================================================
[2026-04-24 16:26:52] Starting federated aggregation round...
[2026-04-24 16:26:52] [✓] Decrypted weights from client 1
[2026-04-24 16:26:52] [✓] Decrypted weights from client 2
[2026-04-24 16:26:52] [✓] Decrypted weights from client 3
[2026-04-24 16:26:52] [OK] Client 1: z-score=0.82, norm=13.6745
[2026-04-24 16:26:52] [OK] Client 2: z-score=1.41, norm=13.7683
[2026-04-24 16:26:52] [OK] Client 3: z-score=0.58, norm=13.6846
[2026-04-24 16:26:52] [✓] FedAvg aggregated 3 clients (excluded: [])
[2026-04-24 16:26:52] [✓] Global model saved to C:\RAM RAM\Cryptats\CryptTAS\server\global_model.json
[2026-04-24 16:26:52] Aggregation round complete.
[2026-04-24 16:26:52] ==================================================
[2026-04-24 16:45:18] ==================================================
[2026-04-24 16:45:18] Starting federated aggregation round...
[2026-04-24 16:45:18] [✓] Decrypted weights from client 1
[2026-04-24 16:45:19] [✓] Decrypted weights from client 2
[2026-04-24 16:45:19] [✓] Decrypted weights from client 3
[2026-04-24 16:45:19] [OK] Client 1: z-score=0.85, norm=13.6432
[2026-04-24 16:45:19] [OK] Client 2: z-score=0.55, norm=13.6663
[2026-04-24 16:45:19] [OK] Client 3: z-score=1.40, norm=13.8187
[2026-04-24 16:45:19] [✓] FedAvg aggregated 3 clients (excluded: [])
[2026-04-24 16:45:19] [✓] Global model saved to C:\RAM RAM\Cryptats\CryptTAS\clients\..\server\global_model.json
[2026-04-24 16:45:19] Aggregation round complete.
[2026-04-24 16:45:19] ==================================================
[2026-04-24 16:45:19] ==================================================
[2026-04-24 16:45:19] Starting federated aggregation round...
[2026-04-24 16:45:19] [✓] Decrypted weights from client 1
[2026-04-24 16:45:19] [✓] Decrypted weights from client 2
[2026-04-24 16:45:19] [✓] Decrypted weights from client 3
[2026-04-24 16:45:19] [OK] Client 1: z-score=0.85, norm=13.6591
[2026-04-24 16:45:19] [OK] Client 2: z-score=1.40, norm=13.7473
[2026-04-24 16:45:19] [OK] Client 3: z-score=0.55, norm=13.6711
[2026-04-24 16:45:19] [✓] FedAvg aggregated 3 clients (excluded: [])
[2026-04-24 16:45:19] [✓] Global model saved to C:\RAM RAM\Cryptats\CryptTAS\clients\..\server\global_model.json
[2026-04-24 16:45:19] Aggregation round complete.
[2026-04-24 16:45:19] ==================================================
[2026-04-24 16:45:19] ==================================================
[2026-04-24 16:45:19] Starting federated aggregation round...
[2026-04-24 16:45:19] [✓] Decrypted weights from client 1
[2026-04-24 16:45:19] [✓] Decrypted weights from client 2
[2026-04-24 16:45:19] [✓] Decrypted weights from client 3
[2026-04-24 16:45:19] [OK] Client 1: z-score=0.82, norm=13.6745
[2026-04-24 16:45:19] [OK] Client 2: z-score=1.41, norm=13.7683
[2026-04-24 16:45:19] [OK] Client 3: z-score=0.58, norm=13.6846
[2026-04-24 16:45:19] [✓] FedAvg aggregated 3 clients (excluded: [])
[2026-04-24 16:45:19] [✓] Global model saved to C:\RAM RAM\Cryptats\CryptTAS\clients\..\server\global_model.json
[2026-04-24 16:45:19] Aggregation round complete.
[2026-04-24 16:45:19] ==================================================
[2026-04-24 16:58:25] ==================================================
[2026-04-24 16:58:25] Starting federated aggregation round...
[2026-04-24 16:58:25] [✓] Decrypted weights from client 1
[2026-04-24 16:58:25] [✓] Decrypted weights from client 2
[2026-04-24 16:58:25] [✓] Decrypted weights from client 3
[2026-04-24 16:58:25] [OK] Client 1: z-score=1.36, norm=3.8150
[2026-04-24 16:58:25] [OK] Client 2: z-score=1.02, norm=3.0599
[2026-04-24 16:58:25] [OK] Client 3: z-score=0.33, norm=3.2786
[2026-04-24 16:58:25] [✓] FedAvg aggregated 3 clients (excluded: [])
[2026-04-24 16:58:25] [✓] Global model saved to C:\RAM RAM\Cryptats\CryptTAS\clients\..\server\global_model.json
[2026-04-24 16:58:25] Aggregation round complete.
[2026-04-24 16:58:25] ==================================================
[2026-04-24 16:58:25] ==================================================
[2026-04-24 16:58:25] Starting federated aggregation round...
[2026-04-24 16:58:25] [✓] Decrypted weights from client 1
[2026-04-24 16:58:25] [✓] Decrypted weights from client 2
[2026-04-24 16:58:25] [✓] Decrypted weights from client 3
[2026-04-24 16:58:25] [OK] Client 1: z-score=1.36, norm=3.8173
[2026-04-24 16:58:25] [OK] Client 2: z-score=1.03, norm=3.0615
[2026-04-24 16:58:25] [OK] Client 3: z-score=0.33, norm=3.2835
[2026-04-24 16:58:25] [✓] FedAvg aggregated 3 clients (excluded: [])
[2026-04-24 16:58:25] [✓] Global model saved to C:\RAM RAM\Cryptats\CryptTAS\clients\..\server\global_model.json
[2026-04-24 16:58:25] Aggregation round complete.
[2026-04-24 16:58:25] ==================================================
[2026-04-24 16:58:26] ==================================================
[2026-04-24 16:58:26] Starting federated aggregation round...
[2026-04-24 16:58:26] [✓] Decrypted weights from client 1
[2026-04-24 16:58:26] [✓] Decrypted weights from client 2
[2026-04-24 16:58:26] [✓] Decrypted weights from client 3
[2026-04-24 16:58:26] [OK] Client 1: z-score=1.35, norm=3.8172
[2026-04-24 16:58:26] [OK] Client 2: z-score=1.03, norm=3.0567
[2026-04-24 16:58:26] [OK] Client 3: z-score=0.32, norm=3.2836
[2026-04-24 16:58:26] [✓] FedAvg aggregated 3 clients (excluded: [])
[2026-04-24 16:58:26] [✓] Global model saved to C:\RAM RAM\Cryptats\CryptTAS\clients\..\server\global_model.json
[2026-04-24 16:58:26] Aggregation round complete.
[2026-04-24 16:58:26] ==================================================
[2026-04-24 17:00:53] ==================================================
[2026-04-24 17:00:53] Starting federated aggregation round...
[2026-04-24 17:00:53] [✓] Decrypted weights from client 1
[2026-04-24 17:00:53] [✓] Decrypted weights from client 2
[2026-04-24 17:00:53] [✓] Decrypted weights from client 3
[2026-04-24 17:00:53] [OK] Client 1: z-score=1.35, norm=3.8172
[2026-04-24 17:00:53] [OK] Client 2: z-score=1.03, norm=3.0567
[2026-04-24 17:00:53] [OK] Client 3: z-score=0.32, norm=3.2836
[2026-04-24 17:00:53] [✓] FedAvg aggregated 3 clients (excluded: [])
[2026-04-24 17:00:53] [✓] Global model saved to C:\RAM RAM\Cryptats\CryptTAS\server\global_model.json
[2026-04-24 17:00:53] Aggregation round complete.
[2026-04-24 17:00:53] ==================================================
[2026-04-24 17:01:02] ==================================================
[2026-04-24 17:01:02] Starting federated aggregation round...
[2026-04-24 17:01:02] [✓] Decrypted weights from client 1
[2026-04-24 17:01:02] [✓] Decrypted weights from client 2
[2026-04-24 17:01:02] [✓] Decrypted weights from client 3
[2026-04-24 17:01:02] [OK] Client 1: z-score=1.35, norm=3.8172
[2026-04-24 17:01:02] [OK] Client 2: z-score=1.03, norm=3.0567
[2026-04-24 17:01:02] [OK] Client 3: z-score=0.32, norm=3.2836
[2026-04-24 17:01:02] [✓] FedAvg aggregated 3 clients (excluded: [])
[2026-04-24 17:01:03] [✓] Global model saved to C:\RAM RAM\Cryptats\CryptTAS\server\global_model.json
[2026-04-24 17:01:03] Aggregation round complete.
[2026-04-24 17:01:03] ==================================================
[2026-04-24 17:01:04] ==================================================
[2026-04-24 17:01:04] Starting federated aggregation round...
[2026-04-24 17:01:04] [✓] Decrypted weights from client 1
[2026-04-24 17:01:04] [✓] Decrypted weights from client 2
[2026-04-24 17:01:04] [✓] Decrypted weights from client 3
[2026-04-24 17:01:04] [OK] Client 1: z-score=1.35, norm=3.8172
[2026-04-24 17:01:04] [OK] Client 2: z-score=1.03, norm=3.0567
[2026-04-24 17:01:04] [OK] Client 3: z-score=0.32, norm=3.2836
[2026-04-24 17:01:04] [✓] FedAvg aggregated 3 clients (excluded: [])
[2026-04-24 17:01:04] [✓] Global model saved to C:\RAM RAM\Cryptats\CryptTAS\server\global_model.json
[2026-04-24 17:01:04] Aggregation round complete.
[2026-04-24 17:01:04] ==================================================
[2026-04-24 17:07:29] ==================================================
[2026-04-24 17:07:29] Starting federated aggregation round...
[2026-04-24 17:07:29] [✓] Decrypted weights from client 1
[2026-04-24 17:07:29] [✓] Decrypted weights from client 2
[2026-04-24 17:07:30] [✓] Decrypted weights from client 3
[2026-04-24 17:07:30] [OK] Client 1: z-score=1.35, norm=3.8172
[2026-04-24 17:07:30] [OK] Client 2: z-score=1.03, norm=3.0567
[2026-04-24 17:07:30] [OK] Client 3: z-score=0.32, norm=3.2836
[2026-04-24 17:07:30] [✓] FedAvg aggregated 3 clients (excluded: [])
[2026-04-24 17:07:30] [✓] Global model saved to C:\RAM RAM\Cryptats\CryptTAS\server\global_model.json
[2026-04-24 17:07:30] Aggregation round complete.
[2026-04-24 17:07:30] ==================================================
[2026-04-24 17:12:31] ==================================================
[2026-04-24 17:12:31] Starting federated aggregation round...
[2026-04-24 17:12:31] [✓] Decrypted weights from client 1
[2026-04-24 17:12:31] [✓] Decrypted weights from client 2
[2026-04-24 17:12:31] [✓] Decrypted weights from client 3
[2026-04-24 17:12:31] [OK] Client 1: z-score=1.35, norm=3.8172
[2026-04-24 17:12:31] [OK] Client 2: z-score=1.03, norm=3.0567
[2026-04-24 17:12:31] [OK] Client 3: z-score=0.32, norm=3.2836
[2026-04-24 17:12:31] [✓] FedAvg aggregated 3 clients (excluded: [])
[2026-04-24 17:12:31] [✓] Global model saved to C:\RAM RAM\Cryptats\CryptTAS\server\global_model.json
[2026-04-24 17:12:31] Aggregation round complete.
[2026-04-24 17:12:31] ==================================================
[2026-04-24 17:24:17] ==================================================
[2026-04-24 17:24:17] Starting federated aggregation round...
[2026-04-24 17:24:17] [✓] Decrypted weights from client 1
[2026-04-24 17:24:17] [✓] Decrypted weights from client 2
[2026-04-24 17:24:17] [✓] Decrypted weights from client 3
[2026-04-24 17:24:17] [OK] Client 1: z-score=1.35, norm=3.8172
[2026-04-24 17:24:17] [OK] Client 2: z-score=1.03, norm=3.0567
[2026-04-24 17:24:17] [OK] Client 3: z-score=0.32, norm=3.2836
[2026-04-24 17:24:17] [✓] FedAvg aggregated 3 clients (excluded: [])
[2026-04-24 17:24:17] [✓] Global model saved to C:\RAM RAM\Cryptats\CryptTAS\server\global_model.json
[2026-04-24 17:24:17] Aggregation round complete.
[2026-04-24 17:24:17] ==================================================
[2026-04-24 17:24:20] ==================================================
[2026-04-24 17:24:20] Starting federated aggregation round...
[2026-04-24 17:24:20] [✓] Decrypted weights from client 1
[2026-04-24 17:24:20] [✓] Decrypted weights from client 2
[2026-04-24 17:24:20] [✓] Decrypted weights from client 3
[2026-04-24 17:24:20] [OK] Client 1: z-score=1.35, norm=3.8172
[2026-04-24 17:24:20] [OK] Client 2: z-score=1.03, norm=3.0567
[2026-04-24 17:24:20] [OK] Client 3: z-score=0.32, norm=3.2836
[2026-04-24 17:24:20] [✓] FedAvg aggregated 3 clients (excluded: [])
[2026-04-24 17:24:20] [✓] Global model saved to C:\RAM RAM\Cryptats\CryptTAS\server\global_model.json
[2026-04-24 17:24:20] Aggregation round complete.
[2026-04-24 17:24:20] ==================================================
[2026-04-24 17:24:23] ==================================================
[2026-04-24 17:24:23] Starting federated aggregation round...
[2026-04-24 17:24:23] [✓] Decrypted weights from client 1
[2026-04-24 17:24:23] [✓] Decrypted weights from client 2
[2026-04-24 17:24:23] [✓] Decrypted weights from client 3
[2026-04-24 17:24:23] [OK] Client 1: z-score=1.35, norm=3.8172
[2026-04-24 17:24:23] [OK] Client 2: z-score=1.03, norm=3.0567
[2026-04-24 17:24:23] [OK] Client 3: z-score=0.32, norm=3.2836
[2026-04-24 17:24:23] [✓] FedAvg aggregated 3 clients (excluded: [])
[2026-04-24 17:24:23] [✓] Global model saved to C:\RAM RAM\Cryptats\CryptTAS\server\global_model.json
[2026-04-24 17:24:23] Aggregation round complete.
[2026-04-24 17:24:23] ==================================================
[2026-04-24 17:36:11] ==================================================
[2026-04-24 17:36:11] Starting federated aggregation round...
[2026-04-24 17:36:11] [✓] Decrypted weights from client 1
[2026-04-24 17:36:11] [✓] Decrypted weights from client 2
[2026-04-24 17:36:11] [✓] Decrypted weights from client 3
[2026-04-24 17:36:11] [OK] Client 1: z-score=0.61, norm=3.1300
[2026-04-24 17:36:11] [OK] Client 2: z-score=1.41, norm=3.8721
[2026-04-24 17:36:11] [OK] Client 3: z-score=0.80, norm=3.0605
[2026-04-24 17:36:11] [✓] FedAvg aggregated 3 clients (excluded: [])
[2026-04-24 17:36:11] [✓] Global model saved to C:\RAM RAM\Cryptats\CryptTAS\clients\..\server\global_model.json
[2026-04-24 17:36:11] Aggregation round complete.
[2026-04-24 17:36:11] ==================================================
[2026-04-24 17:36:12] ==================================================
[2026-04-24 17:36:12] Starting federated aggregation round...
[2026-04-24 17:36:12] [✓] Decrypted weights from client 1
[2026-04-24 17:36:12] [✓] Decrypted weights from client 2
[2026-04-24 17:36:12] [✓] Decrypted weights from client 3
[2026-04-24 17:36:12] [OK] Client 1: z-score=0.62, norm=3.1272
[2026-04-24 17:36:12] [OK] Client 2: z-score=1.41, norm=3.8671
[2026-04-24 17:36:12] [OK] Client 3: z-score=0.79, norm=3.0651
[2026-04-24 17:36:12] [✓] FedAvg aggregated 3 clients (excluded: [])
[2026-04-24 17:36:12] [✓] Global model saved to C:\RAM RAM\Cryptats\CryptTAS\clients\..\server\global_model.json
[2026-04-24 17:36:12] Aggregation round complete.
[2026-04-24 17:36:12] ==================================================
[2026-04-24 17:36:12] ==================================================
[2026-04-24 17:36:12] Starting federated aggregation round...
[2026-04-24 17:36:12] [✓] Decrypted weights from client 1
[2026-04-24 17:36:12] [✓] Decrypted weights from client 2
[2026-04-24 17:36:12] [✓] Decrypted weights from client 3
[2026-04-24 17:36:12] [OK] Client 1: z-score=0.62, norm=3.1273
[2026-04-24 17:36:12] [OK] Client 2: z-score=1.41, norm=3.8654
[2026-04-24 17:36:12] [OK] Client 3: z-score=0.79, norm=3.0652
[2026-04-24 17:36:12] [✓] FedAvg aggregated 3 clients (excluded: [])
[2026-04-24 17:36:12] [✓] Global model saved to C:\RAM RAM\Cryptats\CryptTAS\clients\..\server\global_model.json
[2026-04-24 17:36:12] Aggregation round complete.
[2026-04-24 17:36:12] ==================================================
[2026-04-24 21:40:46] ==================================================
[2026-04-24 21:40:46] Starting federated aggregation round...
[2026-04-24 21:40:46] [✓] Decrypted weights from client 1
[2026-04-24 21:40:46] [✓] Decrypted weights from client 2
[2026-04-24 21:40:46] [✓] Decrypted weights from client 3
[2026-04-24 21:40:46] [OK] Client 1: z-score=0.62, norm=3.1273
[2026-04-24 21:40:46] [OK] Client 2: z-score=1.41, norm=3.8654
[2026-04-24 21:40:46] [OK] Client 3: z-score=0.79, norm=3.0652
[2026-04-24 21:40:46] [✓] FedAvg aggregated 3 clients (excluded: [])
[2026-04-24 21:40:46] [✓] Global model saved to C:\RAM RAM\Cryptats\CryptTAS\server\global_model.json
[2026-04-24 21:40:46] Aggregation round complete.
[2026-04-24 21:40:46] ==================================================
[2026-04-24 21:40:49] ==================================================
[2026-04-24 21:40:49] Starting federated aggregation round...
[2026-04-24 21:40:49] [✓] Decrypted weights from client 1
[2026-04-24 21:40:49] [✓] Decrypted weights from client 2
[2026-04-24 21:40:49] [✓] Decrypted weights from client 3
[2026-04-24 21:40:49] [OK] Client 1: z-score=0.62, norm=3.1273
[2026-04-24 21:40:49] [OK] Client 2: z-score=1.41, norm=3.8654
[2026-04-24 21:40:49] [OK] Client 3: z-score=0.79, norm=3.0652
[2026-04-24 21:40:49] [✓] FedAvg aggregated 3 clients (excluded: [])
[2026-04-24 21:40:49] [✓] Global model saved to C:\RAM RAM\Cryptats\CryptTAS\server\global_model.json
[2026-04-24 21:40:49] Aggregation round complete.
[2026-04-24 21:40:49] ==================================================
[2026-04-24 21:40:51] ==================================================
[2026-04-24 21:40:51] Starting federated aggregation round...
[2026-04-24 21:40:51] [✓] Decrypted weights from client 1
[2026-04-24 21:40:51] [✓] Decrypted weights from client 2
[2026-04-24 21:40:51] [✓] Decrypted weights from client 3
[2026-04-24 21:40:51] [OK] Client 1: z-score=0.62, norm=3.1273
[2026-04-24 21:40:51] [OK] Client 2: z-score=1.41, norm=3.8654
[2026-04-24 21:40:51] [OK] Client 3: z-score=0.79, norm=3.0652
[2026-04-24 21:40:51] [✓] FedAvg aggregated 3 clients (excluded: [])
[2026-04-24 21:40:51] [✓] Global model saved to C:\RAM RAM\Cryptats\CryptTAS\server\global_model.json
[2026-04-24 21:40:51] Aggregation round complete.
[2026-04-24 21:40:51] ==================================================
[2026-04-24 21:43:06] ==================================================
[2026-04-24 21:43:06] Starting federated aggregation round...
[2026-04-24 21:43:06] [✓] Decrypted weights from client 1
[2026-04-24 21:43:06] [✓] Decrypted weights from client 2
[2026-04-24 21:43:06] [✓] Decrypted weights from client 3
[2026-04-24 21:43:06] [OK] Client 1: z-score=0.62, norm=3.1273
[2026-04-24 21:43:06] [OK] Client 2: z-score=1.41, norm=3.8654
[2026-04-24 21:43:06] [OK] Client 3: z-score=0.79, norm=3.0652
[2026-04-24 21:43:06] [✓] FedAvg aggregated 3 clients (excluded: [])
[2026-04-24 21:43:06] [✓] Global model saved to C:\RAM RAM\Cryptats\CryptTAS\server\global_model.json
[2026-04-24 21:43:06] Aggregation round complete.
[2026-04-24 21:43:06] ==================================================
